<?xml version="1.0" encoding="UTF-8" ?>
<testsuite failures="5" time="0.289" errors="7" skipped="0" tests="81" name="br.inf.ufg.fabrica.mr.ImplementacaoMRTest">
  <properties>
    <property name="java.runtime.name" value="Java(TM) SE Runtime Environment"/>
    <property name="sun.boot.library.path" value="C:\Program Files\Java\jdk1.7.0_79\jre\bin"/>
    <property name="java.vm.version" value="24.79-b02"/>
    <property name="java.vm.vendor" value="Oracle Corporation"/>
    <property name="java.vendor.url" value="http://java.oracle.com/"/>
    <property name="path.separator" value=";"/>
    <property name="guice.disable.misplaced.annotation.check" value="true"/>
    <property name="java.vm.name" value="Java HotSpot(TM) 64-Bit Server VM"/>
    <property name="file.encoding.pkg" value="sun.io"/>
    <property name="user.script" value=""/>
    <property name="user.country" value="BR"/>
    <property name="sun.java.launcher" value="SUN_STANDARD"/>
    <property name="sun.os.patch.level" value=""/>
    <property name="test" value="br.inf.ufg.fabrica.mr.ImplementacaoMRTest"/>
    <property name="java.vm.specification.name" value="Java Virtual Machine Specification"/>
    <property name="user.dir" value="C:\Users\Marla Aragão\Desktop\mr-pacote-1\mr-alternativo"/>
    <property name="java.runtime.version" value="1.7.0_79-b15"/>
    <property name="java.awt.graphicsenv" value="sun.awt.Win32GraphicsEnvironment"/>
    <property name="java.endorsed.dirs" value="C:\Program Files\Java\jdk1.7.0_79\jre\lib\endorsed"/>
    <property name="os.arch" value="amd64"/>
    <property name="java.io.tmpdir" value="C:\Users\MARLAA~1\AppData\Local\Temp\"/>
    <property name="line.separator" value="
"/>
    <property name="java.vm.specification.vendor" value="Oracle Corporation"/>
    <property name="user.variant" value=""/>
    <property name="os.name" value="Windows 8.1"/>
    <property name="maven.ext.class.path" value="C:\Program Files\NetBeans 8.0.2\java\maven-nblib\netbeans-eventspy.jar;C:\Program Files\NetBeans 8.0.2\java\maven-nblib\netbeans-cos.jar"/>
    <property name="classworlds.conf" value="C:\Program Files\NetBeans 8.0.2\java\maven\bin\m2.conf"/>
    <property name="sun.jnu.encoding" value="Cp1252"/>
    <property name="java.library.path" value="C:\Program Files\Java\jdk1.7.0_79\bin;C:\WINDOWS\Sun\Java\bin;C:\WINDOWS\system32;C:\WINDOWS;C:\Program Files (x86)\Intel\iCLS Client\;C:\Program Files\Intel\iCLS Client\;C:\WINDOWS\system32;C:\WINDOWS;C:\WINDOWS\System32\Wbem;C:\WINDOWS\System32\WindowsPowerShell\v1.0\;C:\Program Files (x86)\Intel\Intel(R) Management Engine Components\DAL;C:\Program Files\Intel\Intel(R) Management Engine Components\DAL;C:\Program Files (x86)\Intel\Intel(R) Management Engine Components\IPT;C:\Program Files\Intel\Intel(R) Management Engine Components\IPT;C:\Program Files\Microsoft\Web Platform Installer\;."/>
    <property name="java.specification.name" value="Java Platform API Specification"/>
    <property name="java.class.version" value="51.0"/>
    <property name="sun.management.compiler" value="HotSpot 64-Bit Tiered Compilers"/>
    <property name="os.version" value="6.3"/>
    <property name="user.home" value="C:\Users\Marla Aragão"/>
    <property name="user.timezone" value="America/Sao_Paulo"/>
    <property name="java.awt.printerjob" value="sun.awt.windows.WPrinterJob"/>
    <property name="java.specification.version" value="1.7"/>
    <property name="file.encoding" value="UTF-8"/>
    <property name="user.name" value="Marla Aragão"/>
    <property name="java.class.path" value="C:\Program Files\NetBeans 8.0.2\java\maven\boot\plexus-classworlds-2.4.jar"/>
    <property name="java.vm.specification.version" value="1.7"/>
    <property name="sun.arch.data.model" value="64"/>
    <property name="java.home" value="C:\Program Files\Java\jdk1.7.0_79\jre"/>
    <property name="sun.java.command" value="org.codehaus.plexus.classworlds.launcher.Launcher -Dtest=br.inf.ufg.fabrica.mr.ImplementacaoMRTest -Dmaven.ext.class.path=C:\Program Files\NetBeans 8.0.2\java\maven-nblib\netbeans-eventspy.jar;C:\Program Files\NetBeans 8.0.2\java\maven-nblib\netbeans-cos.jar -Dfile.encoding=UTF-8 surefire:test"/>
    <property name="java.specification.vendor" value="Oracle Corporation"/>
    <property name="user.language" value="pt"/>
    <property name="awt.toolkit" value="sun.awt.windows.WToolkit"/>
    <property name="java.vm.info" value="mixed mode"/>
    <property name="java.version" value="1.7.0_79"/>
    <property name="java.ext.dirs" value="C:\Program Files\Java\jdk1.7.0_79\jre\lib\ext;C:\WINDOWS\Sun\Java\lib\ext"/>
    <property name="sun.boot.class.path" value="C:\Program Files\Java\jdk1.7.0_79\jre\lib\resources.jar;C:\Program Files\Java\jdk1.7.0_79\jre\lib\rt.jar;C:\Program Files\Java\jdk1.7.0_79\jre\lib\sunrsasign.jar;C:\Program Files\Java\jdk1.7.0_79\jre\lib\jsse.jar;C:\Program Files\Java\jdk1.7.0_79\jre\lib\jce.jar;C:\Program Files\Java\jdk1.7.0_79\jre\lib\charsets.jar;C:\Program Files\Java\jdk1.7.0_79\jre\lib\jfr.jar;C:\Program Files\Java\jdk1.7.0_79\jre\classes"/>
    <property name="java.vendor" value="Oracle Corporation"/>
    <property name="maven.home" value="C:\Program Files\NetBeans 8.0.2\java\maven"/>
    <property name="file.separator" value="\"/>
    <property name="java.vendor.url.bug" value="http://bugreport.sun.com/bugreport/"/>
    <property name="sun.cpu.endian" value="little"/>
    <property name="sun.io.unicode.encoding" value="UnicodeLittle"/>
    <property name="sun.desktop" value="windows"/>
    <property name="sun.cpu.isalist" value="amd64"/>
  </properties>
  <testcase time="0.018" classname="br.inf.ufg.fabrica.mr.ImplementacaoMRTest" name="testObtemInteiroVersionedCompositionThrows2"/>
  <testcase time="0" classname="br.inf.ufg.fabrica.mr.ImplementacaoMRTest" name="testObtemInteiroFeederAuditDetailsThrows1"/>
  <testcase time="0" classname="br.inf.ufg.fabrica.mr.ImplementacaoMRTest" name="testObtemInteiroFeederAuditDetailsThrows2"/>
  <testcase time="0" classname="br.inf.ufg.fabrica.mr.ImplementacaoMRTest" name="testObtemTextoFeederAuditDetailsThrows1"/>
  <testcase time="0" classname="br.inf.ufg.fabrica.mr.ImplementacaoMRTest" name="testObtemTextoFeederAuditDetailsThrows2"/>
  <testcase time="0.007" classname="br.inf.ufg.fabrica.mr.ImplementacaoMRTest" name="testObtemInteiroVersionedCompositionThrows1">
    <failure message="Expected test to throw (exception with message a string containing &quot;O campo não existe!&quot; and an instance of java.lang.IllegalArgumentException)" type="java.lang.AssertionError">java.lang.AssertionError: Expected test to throw (exception with message a string containing &quot;O campo não existe!&quot; and an instance of java.lang.IllegalArgumentException)
	at org.junit.rules.ExpectedException$ExpectedExceptionStatement.evaluate(ExpectedException.java:118)
	at org.junit.runners.BlockJUnit4ClassRunner.runChild(BlockJUnit4ClassRunner.java:76)
	at org.junit.runners.BlockJUnit4ClassRunner.runChild(BlockJUnit4ClassRunner.java:50)
	at org.junit.runners.ParentRunner$3.run(ParentRunner.java:193)
	at org.junit.runners.ParentRunner$1.schedule(ParentRunner.java:52)
	at org.junit.runners.ParentRunner.runChildren(ParentRunner.java:191)
	at org.junit.runners.ParentRunner.access$000(ParentRunner.java:42)
	at org.junit.runners.ParentRunner$2.evaluate(ParentRunner.java:184)
	at org.junit.runners.ParentRunner.run(ParentRunner.java:236)
	at org.apache.maven.surefire.junit4.JUnit4TestSet.execute(JUnit4TestSet.java:53)
	at org.apache.maven.surefire.junit4.JUnit4Provider.executeTestSet(JUnit4Provider.java:123)
	at org.apache.maven.surefire.junit4.JUnit4Provider.invoke(JUnit4Provider.java:104)
	at sun.reflect.NativeMethodAccessorImpl.invoke0(Native Method)
	at sun.reflect.NativeMethodAccessorImpl.invoke(NativeMethodAccessorImpl.java:57)
	at sun.reflect.DelegatingMethodAccessorImpl.invoke(DelegatingMethodAccessorImpl.java:43)
	at java.lang.reflect.Method.invoke(Method.java:606)
	at org.apache.maven.surefire.util.ReflectionUtils.invokeMethodWithArray(ReflectionUtils.java:164)
	at org.apache.maven.surefire.booter.ProviderFactory$ProviderProxy.invoke(ProviderFactory.java:110)
	at org.apache.maven.surefire.booter.SurefireStarter.invokeProvider(SurefireStarter.java:175)
	at org.apache.maven.surefire.booter.SurefireStarter.runSuitesInProcessWhenForked(SurefireStarter.java:107)
	at org.apache.maven.surefire.booter.ForkedBooter.main(ForkedBooter.java:68)
</failure>
  </testcase>
  <testcase time="0" classname="br.inf.ufg.fabrica.mr.ImplementacaoMRTest" name="testObtemTextoArchetypedThrows1"/>
  <testcase time="0.001" classname="br.inf.ufg.fabrica.mr.ImplementacaoMRTest" name="testObtemInteiroArchetypedThrows1"/>
  <testcase time="0" classname="br.inf.ufg.fabrica.mr.ImplementacaoMRTest" name="testObtemInteiroIsmTransitionThrows2"/>
  <testcase time="0" classname="br.inf.ufg.fabrica.mr.ImplementacaoMRTest" name="testObtemTextoArchetypedThrows2"/>
  <testcase time="0" classname="br.inf.ufg.fabrica.mr.ImplementacaoMRTest" name="testObtemInteiroArchetypedThrows2"/>
  <testcase time="0.001" classname="br.inf.ufg.fabrica.mr.ImplementacaoMRTest" name="testObtemInteiroIsmTRansitionThrows1"/>
  <testcase time="0.003" classname="br.inf.ufg.fabrica.mr.ImplementacaoMRTest" name="testObtemInteiroGenericEntryThrows1">
    <failure message="Expected test to throw (exception with message a string containing &quot;O campo não existe!&quot; and an instance of java.lang.IllegalArgumentException)" type="java.lang.AssertionError">java.lang.AssertionError: Expected test to throw (exception with message a string containing &quot;O campo não existe!&quot; and an instance of java.lang.IllegalArgumentException)
	at org.junit.rules.ExpectedException$ExpectedExceptionStatement.evaluate(ExpectedException.java:118)
	at org.junit.runners.BlockJUnit4ClassRunner.runChild(BlockJUnit4ClassRunner.java:76)
	at org.junit.runners.BlockJUnit4ClassRunner.runChild(BlockJUnit4ClassRunner.java:50)
	at org.junit.runners.ParentRunner$3.run(ParentRunner.java:193)
	at org.junit.runners.ParentRunner$1.schedule(ParentRunner.java:52)
	at org.junit.runners.ParentRunner.runChildren(ParentRunner.java:191)
	at org.junit.runners.ParentRunner.access$000(ParentRunner.java:42)
	at org.junit.runners.ParentRunner$2.evaluate(ParentRunner.java:184)
	at org.junit.runners.ParentRunner.run(ParentRunner.java:236)
	at org.apache.maven.surefire.junit4.JUnit4TestSet.execute(JUnit4TestSet.java:53)
	at org.apache.maven.surefire.junit4.JUnit4Provider.executeTestSet(JUnit4Provider.java:123)
	at org.apache.maven.surefire.junit4.JUnit4Provider.invoke(JUnit4Provider.java:104)
	at sun.reflect.NativeMethodAccessorImpl.invoke0(Native Method)
	at sun.reflect.NativeMethodAccessorImpl.invoke(NativeMethodAccessorImpl.java:57)
	at sun.reflect.DelegatingMethodAccessorImpl.invoke(DelegatingMethodAccessorImpl.java:43)
	at java.lang.reflect.Method.invoke(Method.java:606)
	at org.apache.maven.surefire.util.ReflectionUtils.invokeMethodWithArray(ReflectionUtils.java:164)
	at org.apache.maven.surefire.booter.ProviderFactory$ProviderProxy.invoke(ProviderFactory.java:110)
	at org.apache.maven.surefire.booter.SurefireStarter.invokeProvider(SurefireStarter.java:175)
	at org.apache.maven.surefire.booter.SurefireStarter.runSuitesInProcessWhenForked(SurefireStarter.java:107)
	at org.apache.maven.surefire.booter.ForkedBooter.main(ForkedBooter.java:68)
</failure>
  </testcase>
  <testcase time="0.001" classname="br.inf.ufg.fabrica.mr.ImplementacaoMRTest" name="testObtemInteiroInstructionDetailsThrows2"/>
  <testcase time="0" classname="br.inf.ufg.fabrica.mr.ImplementacaoMRTest" name="testObtemTextoDvParsableThrows2"/>
  <testcase time="0.002" classname="br.inf.ufg.fabrica.mr.ImplementacaoMRTest" name="testObtemTextoCodePhraseDetailsThrows2"/>
  <testcase time="0.002" classname="br.inf.ufg.fabrica.mr.ImplementacaoMRTest" name="testObtemInteiroInstructionDetailsThrows1"/>
  <testcase time="0.001" classname="br.inf.ufg.fabrica.mr.ImplementacaoMRTest" name="testObtemTextoInstructionDetailsThrows2"/>
  <testcase time="0.001" classname="br.inf.ufg.fabrica.mr.ImplementacaoMRTest" name="testObtemInteiroGenericEntryThrows2"/>
  <testcase time="0.003" classname="br.inf.ufg.fabrica.mr.ImplementacaoMRTest" name="testObtemTextoDvParsableThrows1">
    <failure message="Expected test to throw (exception with message a string containing &quot;O campo não existe!&quot; and an instance of java.lang.IllegalArgumentException)" type="java.lang.AssertionError">java.lang.AssertionError: Expected test to throw (exception with message a string containing &quot;O campo não existe!&quot; and an instance of java.lang.IllegalArgumentException)
	at org.junit.rules.ExpectedException$ExpectedExceptionStatement.evaluate(ExpectedException.java:118)
	at org.junit.runners.BlockJUnit4ClassRunner.runChild(BlockJUnit4ClassRunner.java:76)
	at org.junit.runners.BlockJUnit4ClassRunner.runChild(BlockJUnit4ClassRunner.java:50)
	at org.junit.runners.ParentRunner$3.run(ParentRunner.java:193)
	at org.junit.runners.ParentRunner$1.schedule(ParentRunner.java:52)
	at org.junit.runners.ParentRunner.runChildren(ParentRunner.java:191)
	at org.junit.runners.ParentRunner.access$000(ParentRunner.java:42)
	at org.junit.runners.ParentRunner$2.evaluate(ParentRunner.java:184)
	at org.junit.runners.ParentRunner.run(ParentRunner.java:236)
	at org.apache.maven.surefire.junit4.JUnit4TestSet.execute(JUnit4TestSet.java:53)
	at org.apache.maven.surefire.junit4.JUnit4Provider.executeTestSet(JUnit4Provider.java:123)
	at org.apache.maven.surefire.junit4.JUnit4Provider.invoke(JUnit4Provider.java:104)
	at sun.reflect.NativeMethodAccessorImpl.invoke0(Native Method)
	at sun.reflect.NativeMethodAccessorImpl.invoke(NativeMethodAccessorImpl.java:57)
	at sun.reflect.DelegatingMethodAccessorImpl.invoke(DelegatingMethodAccessorImpl.java:43)
	at java.lang.reflect.Method.invoke(Method.java:606)
	at org.apache.maven.surefire.util.ReflectionUtils.invokeMethodWithArray(ReflectionUtils.java:164)
	at org.apache.maven.surefire.booter.ProviderFactory$ProviderProxy.invoke(ProviderFactory.java:110)
	at org.apache.maven.surefire.booter.SurefireStarter.invokeProvider(SurefireStarter.java:175)
	at org.apache.maven.surefire.booter.SurefireStarter.runSuitesInProcessWhenForked(SurefireStarter.java:107)
	at org.apache.maven.surefire.booter.ForkedBooter.main(ForkedBooter.java:68)
</failure>
  </testcase>
  <testcase time="0" classname="br.inf.ufg.fabrica.mr.ImplementacaoMRTest" name="testObtemTextoTerminologyIdDetailsThrows2"/>
  <testcase time="0" classname="br.inf.ufg.fabrica.mr.ImplementacaoMRTest" name="testObtemTextoCodePhraseThrows1"/>
  <testcase time="0" classname="br.inf.ufg.fabrica.mr.ImplementacaoMRTest" name="testObtemTextoInstructionDetailsThrows1"/>
  <testcase time="0" classname="br.inf.ufg.fabrica.mr.ImplementacaoMRTest" name="testObtemTextoTerminologyIdThrows1"/>
  <testcase time="0" classname="br.inf.ufg.fabrica.mr.ImplementacaoMRTest" name="testObtemTextoOpenEhrCodeSetIdentifiersThrows2"/>
  <testcase time="0" classname="br.inf.ufg.fabrica.mr.ImplementacaoMRTest" name="testObtemTextoOpenEhrCodeSetIdentifiersThrows1"/>
  <testcase time="0.001" classname="br.inf.ufg.fabrica.mr.ImplementacaoMRTest" name="testAdicionaLink"/>
  <testcase time="0.002" classname="br.inf.ufg.fabrica.mr.ImplementacaoMRTest" name="testObtemInteiroLinkThrows1">
    <failure message="Expected test to throw (exception with message a string containing &quot;O campo não existe!&quot; and an instance of java.lang.IllegalArgumentException)" type="java.lang.AssertionError">java.lang.AssertionError: Expected test to throw (exception with message a string containing &quot;O campo não existe!&quot; and an instance of java.lang.IllegalArgumentException)
	at org.junit.rules.ExpectedException$ExpectedExceptionStatement.evaluate(ExpectedException.java:118)
	at org.junit.runners.BlockJUnit4ClassRunner.runChild(BlockJUnit4ClassRunner.java:76)
	at org.junit.runners.BlockJUnit4ClassRunner.runChild(BlockJUnit4ClassRunner.java:50)
	at org.junit.runners.ParentRunner$3.run(ParentRunner.java:193)
	at org.junit.runners.ParentRunner$1.schedule(ParentRunner.java:52)
	at org.junit.runners.ParentRunner.runChildren(ParentRunner.java:191)
	at org.junit.runners.ParentRunner.access$000(ParentRunner.java:42)
	at org.junit.runners.ParentRunner$2.evaluate(ParentRunner.java:184)
	at org.junit.runners.ParentRunner.run(ParentRunner.java:236)
	at org.apache.maven.surefire.junit4.JUnit4TestSet.execute(JUnit4TestSet.java:53)
	at org.apache.maven.surefire.junit4.JUnit4Provider.executeTestSet(JUnit4Provider.java:123)
	at org.apache.maven.surefire.junit4.JUnit4Provider.invoke(JUnit4Provider.java:104)
	at sun.reflect.NativeMethodAccessorImpl.invoke0(Native Method)
	at sun.reflect.NativeMethodAccessorImpl.invoke(NativeMethodAccessorImpl.java:57)
	at sun.reflect.DelegatingMethodAccessorImpl.invoke(DelegatingMethodAccessorImpl.java:43)
	at java.lang.reflect.Method.invoke(Method.java:606)
	at org.apache.maven.surefire.util.ReflectionUtils.invokeMethodWithArray(ReflectionUtils.java:164)
	at org.apache.maven.surefire.booter.ProviderFactory$ProviderProxy.invoke(ProviderFactory.java:110)
	at org.apache.maven.surefire.booter.SurefireStarter.invokeProvider(SurefireStarter.java:175)
	at org.apache.maven.surefire.booter.SurefireStarter.runSuitesInProcessWhenForked(SurefireStarter.java:107)
	at org.apache.maven.surefire.booter.ForkedBooter.main(ForkedBooter.java:68)
</failure>
  </testcase>
  <testcase time="0" classname="br.inf.ufg.fabrica.mr.ImplementacaoMRTest" name="testAdicionaDvIdentifier"/>
  <testcase time="0.003" classname="br.inf.ufg.fabrica.mr.ImplementacaoMRTest" name="testAdicionaIsoOid">
    <error type="java.lang.NullPointerException">java.lang.NullPointerException
	at br.inf.ufg.fabrica.mr.ImplementacaoMR.obtemTexto(ImplementacaoMR.java:1923)
	at br.inf.ufg.fabrica.mr.ImplementacaoMRTest.testAdicionaIsoOid(ImplementacaoMRTest.java:368)
	at sun.reflect.NativeMethodAccessorImpl.invoke0(Native Method)
	at sun.reflect.NativeMethodAccessorImpl.invoke(NativeMethodAccessorImpl.java:57)
	at sun.reflect.DelegatingMethodAccessorImpl.invoke(DelegatingMethodAccessorImpl.java:43)
	at java.lang.reflect.Method.invoke(Method.java:606)
	at org.junit.runners.model.FrameworkMethod$1.runReflectiveCall(FrameworkMethod.java:44)
	at org.junit.internal.runners.model.ReflectiveCallable.run(ReflectiveCallable.java:15)
	at org.junit.runners.model.FrameworkMethod.invokeExplosively(FrameworkMethod.java:41)
	at org.junit.internal.runners.statements.InvokeMethod.evaluate(InvokeMethod.java:20)
	at org.junit.rules.ExpectedException$ExpectedExceptionStatement.evaluate(ExpectedException.java:110)
	at org.junit.runners.BlockJUnit4ClassRunner.runChild(BlockJUnit4ClassRunner.java:76)
	at org.junit.runners.BlockJUnit4ClassRunner.runChild(BlockJUnit4ClassRunner.java:50)
	at org.junit.runners.ParentRunner$3.run(ParentRunner.java:193)
	at org.junit.runners.ParentRunner$1.schedule(ParentRunner.java:52)
	at org.junit.runners.ParentRunner.runChildren(ParentRunner.java:191)
	at org.junit.runners.ParentRunner.access$000(ParentRunner.java:42)
	at org.junit.runners.ParentRunner$2.evaluate(ParentRunner.java:184)
	at org.junit.runners.ParentRunner.run(ParentRunner.java:236)
	at org.apache.maven.surefire.junit4.JUnit4TestSet.execute(JUnit4TestSet.java:53)
	at org.apache.maven.surefire.junit4.JUnit4Provider.executeTestSet(JUnit4Provider.java:123)
	at org.apache.maven.surefire.junit4.JUnit4Provider.invoke(JUnit4Provider.java:104)
	at sun.reflect.NativeMethodAccessorImpl.invoke0(Native Method)
	at sun.reflect.NativeMethodAccessorImpl.invoke(NativeMethodAccessorImpl.java:57)
	at sun.reflect.DelegatingMethodAccessorImpl.invoke(DelegatingMethodAccessorImpl.java:43)
	at java.lang.reflect.Method.invoke(Method.java:606)
	at org.apache.maven.surefire.util.ReflectionUtils.invokeMethodWithArray(ReflectionUtils.java:164)
	at org.apache.maven.surefire.booter.ProviderFactory$ProviderProxy.invoke(ProviderFactory.java:110)
	at org.apache.maven.surefire.booter.SurefireStarter.invokeProvider(SurefireStarter.java:175)
	at org.apache.maven.surefire.booter.SurefireStarter.runSuitesInProcessWhenForked(SurefireStarter.java:107)
	at org.apache.maven.surefire.booter.ForkedBooter.main(ForkedBooter.java:68)
</error>
  </testcase>
  <testcase time="0" classname="br.inf.ufg.fabrica.mr.ImplementacaoMRTest" name="testAdicionaDvParsable"/>
  <testcase time="0.002" classname="br.inf.ufg.fabrica.mr.ImplementacaoMRTest" name="testAdicionaUuid">
    <error type="java.lang.NullPointerException">java.lang.NullPointerException
	at br.inf.ufg.fabrica.mr.ImplementacaoMR.obtemTexto(ImplementacaoMR.java:1923)
	at br.inf.ufg.fabrica.mr.ImplementacaoMRTest.testAdicionaUuid(ImplementacaoMRTest.java:381)
	at sun.reflect.NativeMethodAccessorImpl.invoke0(Native Method)
	at sun.reflect.NativeMethodAccessorImpl.invoke(NativeMethodAccessorImpl.java:57)
	at sun.reflect.DelegatingMethodAccessorImpl.invoke(DelegatingMethodAccessorImpl.java:43)
	at java.lang.reflect.Method.invoke(Method.java:606)
	at org.junit.runners.model.FrameworkMethod$1.runReflectiveCall(FrameworkMethod.java:44)
	at org.junit.internal.runners.model.ReflectiveCallable.run(ReflectiveCallable.java:15)
	at org.junit.runners.model.FrameworkMethod.invokeExplosively(FrameworkMethod.java:41)
	at org.junit.internal.runners.statements.InvokeMethod.evaluate(InvokeMethod.java:20)
	at org.junit.rules.ExpectedException$ExpectedExceptionStatement.evaluate(ExpectedException.java:110)
	at org.junit.runners.BlockJUnit4ClassRunner.runChild(BlockJUnit4ClassRunner.java:76)
	at org.junit.runners.BlockJUnit4ClassRunner.runChild(BlockJUnit4ClassRunner.java:50)
	at org.junit.runners.ParentRunner$3.run(ParentRunner.java:193)
	at org.junit.runners.ParentRunner$1.schedule(ParentRunner.java:52)
	at org.junit.runners.ParentRunner.runChildren(ParentRunner.java:191)
	at org.junit.runners.ParentRunner.access$000(ParentRunner.java:42)
	at org.junit.runners.ParentRunner$2.evaluate(ParentRunner.java:184)
	at org.junit.runners.ParentRunner.run(ParentRunner.java:236)
	at org.apache.maven.surefire.junit4.JUnit4TestSet.execute(JUnit4TestSet.java:53)
	at org.apache.maven.surefire.junit4.JUnit4Provider.executeTestSet(JUnit4Provider.java:123)
	at org.apache.maven.surefire.junit4.JUnit4Provider.invoke(JUnit4Provider.java:104)
	at sun.reflect.NativeMethodAccessorImpl.invoke0(Native Method)
	at sun.reflect.NativeMethodAccessorImpl.invoke(NativeMethodAccessorImpl.java:57)
	at sun.reflect.DelegatingMethodAccessorImpl.invoke(DelegatingMethodAccessorImpl.java:43)
	at java.lang.reflect.Method.invoke(Method.java:606)
	at org.apache.maven.surefire.util.ReflectionUtils.invokeMethodWithArray(ReflectionUtils.java:164)
	at org.apache.maven.surefire.booter.ProviderFactory$ProviderProxy.invoke(ProviderFactory.java:110)
	at org.apache.maven.surefire.booter.SurefireStarter.invokeProvider(SurefireStarter.java:175)
	at org.apache.maven.surefire.booter.SurefireStarter.runSuitesInProcessWhenForked(SurefireStarter.java:107)
	at org.apache.maven.surefire.booter.ForkedBooter.main(ForkedBooter.java:68)
</error>
  </testcase>
  <testcase time="0.001" classname="br.inf.ufg.fabrica.mr.ImplementacaoMRTest" name="testObtemTextoDvEhrUriThrows2"/>
  <testcase time="0" classname="br.inf.ufg.fabrica.mr.ImplementacaoMRTest" name="testAdicionaBasicDefinition"/>
  <testcase time="0" classname="br.inf.ufg.fabrica.mr.ImplementacaoMRTest" name="testAdicionaIsmTransition"/>
  <testcase time="0" classname="br.inf.ufg.fabrica.mr.ImplementacaoMRTest" name="testAdicionaTerminologyId"/>
  <testcase time="0" classname="br.inf.ufg.fabrica.mr.ImplementacaoMRTest" name="testAdicionaDvBoolean"/>
  <testcase time="0.002" classname="br.inf.ufg.fabrica.mr.ImplementacaoMRTest" name="testAdicionaDvUri"/>
  <testcase time="0" classname="br.inf.ufg.fabrica.mr.ImplementacaoMRTest" name="testAdicionaOpenEhrDefinition"/>
  <testcase time="0.001" classname="br.inf.ufg.fabrica.mr.ImplementacaoMRTest" name="testAdicionaGenericEntry"/>
  <testcase time="0" classname="br.inf.ufg.fabrica.mr.ImplementacaoMRTest" name="testAdicionaCodePhrase"/>
  <testcase time="0" classname="br.inf.ufg.fabrica.mr.ImplementacaoMRTest" name="testAdicionaDvParsable1"/>
  <testcase time="0" classname="br.inf.ufg.fabrica.mr.ImplementacaoMRTest" name="testAdicionaTerminologyId1"/>
  <testcase time="0.001" classname="br.inf.ufg.fabrica.mr.ImplementacaoMRTest" name="testAdicionaHierObjectId1">
    <error message="O objeto não existe!" type="java.lang.IllegalArgumentException">java.lang.IllegalArgumentException: O objeto não existe!
	at br.inf.ufg.fabrica.mr.ImplementacaoMR.obtemTexto(ImplementacaoMR.java:1695)
	at br.inf.ufg.fabrica.mr.ImplementacaoMRTest.testAdicionaHierObjectId1(ImplementacaoMRTest.java:420)
	at sun.reflect.NativeMethodAccessorImpl.invoke0(Native Method)
	at sun.reflect.NativeMethodAccessorImpl.invoke(NativeMethodAccessorImpl.java:57)
	at sun.reflect.DelegatingMethodAccessorImpl.invoke(DelegatingMethodAccessorImpl.java:43)
	at java.lang.reflect.Method.invoke(Method.java:606)
	at org.junit.runners.model.FrameworkMethod$1.runReflectiveCall(FrameworkMethod.java:44)
	at org.junit.internal.runners.model.ReflectiveCallable.run(ReflectiveCallable.java:15)
	at org.junit.runners.model.FrameworkMethod.invokeExplosively(FrameworkMethod.java:41)
	at org.junit.internal.runners.statements.InvokeMethod.evaluate(InvokeMethod.java:20)
	at org.junit.rules.ExpectedException$ExpectedExceptionStatement.evaluate(ExpectedException.java:110)
	at org.junit.runners.BlockJUnit4ClassRunner.runChild(BlockJUnit4ClassRunner.java:76)
	at org.junit.runners.BlockJUnit4ClassRunner.runChild(BlockJUnit4ClassRunner.java:50)
	at org.junit.runners.ParentRunner$3.run(ParentRunner.java:193)
	at org.junit.runners.ParentRunner$1.schedule(ParentRunner.java:52)
	at org.junit.runners.ParentRunner.runChildren(ParentRunner.java:191)
	at org.junit.runners.ParentRunner.access$000(ParentRunner.java:42)
	at org.junit.runners.ParentRunner$2.evaluate(ParentRunner.java:184)
	at org.junit.runners.ParentRunner.run(ParentRunner.java:236)
	at org.apache.maven.surefire.junit4.JUnit4TestSet.execute(JUnit4TestSet.java:53)
	at org.apache.maven.surefire.junit4.JUnit4Provider.executeTestSet(JUnit4Provider.java:123)
	at org.apache.maven.surefire.junit4.JUnit4Provider.invoke(JUnit4Provider.java:104)
	at sun.reflect.NativeMethodAccessorImpl.invoke0(Native Method)
	at sun.reflect.NativeMethodAccessorImpl.invoke(NativeMethodAccessorImpl.java:57)
	at sun.reflect.DelegatingMethodAccessorImpl.invoke(DelegatingMethodAccessorImpl.java:43)
	at java.lang.reflect.Method.invoke(Method.java:606)
	at org.apache.maven.surefire.util.ReflectionUtils.invokeMethodWithArray(ReflectionUtils.java:164)
	at org.apache.maven.surefire.booter.ProviderFactory$ProviderProxy.invoke(ProviderFactory.java:110)
	at org.apache.maven.surefire.booter.SurefireStarter.invokeProvider(SurefireStarter.java:175)
	at org.apache.maven.surefire.booter.SurefireStarter.runSuitesInProcessWhenForked(SurefireStarter.java:107)
	at org.apache.maven.surefire.booter.ForkedBooter.main(ForkedBooter.java:68)
</error>
  </testcase>
  <testcase time="0.001" classname="br.inf.ufg.fabrica.mr.ImplementacaoMRTest" name="testAdicionaObjectVersionId">
    <error message="O objeto não existe!" type="java.lang.IllegalArgumentException">java.lang.IllegalArgumentException: O objeto não existe!
	at br.inf.ufg.fabrica.mr.ImplementacaoMR.obtemTexto(ImplementacaoMR.java:1695)
	at br.inf.ufg.fabrica.mr.ImplementacaoMRTest.testAdicionaObjectVersionId(ImplementacaoMRTest.java:435)
	at sun.reflect.NativeMethodAccessorImpl.invoke0(Native Method)
	at sun.reflect.NativeMethodAccessorImpl.invoke(NativeMethodAccessorImpl.java:57)
	at sun.reflect.DelegatingMethodAccessorImpl.invoke(DelegatingMethodAccessorImpl.java:43)
	at java.lang.reflect.Method.invoke(Method.java:606)
	at org.junit.runners.model.FrameworkMethod$1.runReflectiveCall(FrameworkMethod.java:44)
	at org.junit.internal.runners.model.ReflectiveCallable.run(ReflectiveCallable.java:15)
	at org.junit.runners.model.FrameworkMethod.invokeExplosively(FrameworkMethod.java:41)
	at org.junit.internal.runners.statements.InvokeMethod.evaluate(InvokeMethod.java:20)
	at org.junit.rules.ExpectedException$ExpectedExceptionStatement.evaluate(ExpectedException.java:110)
	at org.junit.runners.BlockJUnit4ClassRunner.runChild(BlockJUnit4ClassRunner.java:76)
	at org.junit.runners.BlockJUnit4ClassRunner.runChild(BlockJUnit4ClassRunner.java:50)
	at org.junit.runners.ParentRunner$3.run(ParentRunner.java:193)
	at org.junit.runners.ParentRunner$1.schedule(ParentRunner.java:52)
	at org.junit.runners.ParentRunner.runChildren(ParentRunner.java:191)
	at org.junit.runners.ParentRunner.access$000(ParentRunner.java:42)
	at org.junit.runners.ParentRunner$2.evaluate(ParentRunner.java:184)
	at org.junit.runners.ParentRunner.run(ParentRunner.java:236)
	at org.apache.maven.surefire.junit4.JUnit4TestSet.execute(JUnit4TestSet.java:53)
	at org.apache.maven.surefire.junit4.JUnit4Provider.executeTestSet(JUnit4Provider.java:123)
	at org.apache.maven.surefire.junit4.JUnit4Provider.invoke(JUnit4Provider.java:104)
	at sun.reflect.NativeMethodAccessorImpl.invoke0(Native Method)
	at sun.reflect.NativeMethodAccessorImpl.invoke(NativeMethodAccessorImpl.java:57)
	at sun.reflect.DelegatingMethodAccessorImpl.invoke(DelegatingMethodAccessorImpl.java:43)
	at java.lang.reflect.Method.invoke(Method.java:606)
	at org.apache.maven.surefire.util.ReflectionUtils.invokeMethodWithArray(ReflectionUtils.java:164)
	at org.apache.maven.surefire.booter.ProviderFactory$ProviderProxy.invoke(ProviderFactory.java:110)
	at org.apache.maven.surefire.booter.SurefireStarter.invokeProvider(SurefireStarter.java:175)
	at org.apache.maven.surefire.booter.SurefireStarter.runSuitesInProcessWhenForked(SurefireStarter.java:107)
	at org.apache.maven.surefire.booter.ForkedBooter.main(ForkedBooter.java:68)
</error>
  </testcase>
  <testcase time="0" classname="br.inf.ufg.fabrica.mr.ImplementacaoMRTest" name="testObtemTextoDvUriThrows2"/>
  <testcase time="0.001" classname="br.inf.ufg.fabrica.mr.ImplementacaoMRTest" name="testObtemInteiroLinkThrows2"/>
  <testcase time="0.002" classname="br.inf.ufg.fabrica.mr.ImplementacaoMRTest" name="testAdicionaObjectVersionId1">
    <error message="O objeto não existe!" type="java.lang.IllegalArgumentException">java.lang.IllegalArgumentException: O objeto não existe!
	at br.inf.ufg.fabrica.mr.ImplementacaoMR.obtemTexto(ImplementacaoMR.java:1695)
	at br.inf.ufg.fabrica.mr.ImplementacaoMRTest.testAdicionaObjectVersionId1(ImplementacaoMRTest.java:448)
	at sun.reflect.NativeMethodAccessorImpl.invoke0(Native Method)
	at sun.reflect.NativeMethodAccessorImpl.invoke(NativeMethodAccessorImpl.java:57)
	at sun.reflect.DelegatingMethodAccessorImpl.invoke(DelegatingMethodAccessorImpl.java:43)
	at java.lang.reflect.Method.invoke(Method.java:606)
	at org.junit.runners.model.FrameworkMethod$1.runReflectiveCall(FrameworkMethod.java:44)
	at org.junit.internal.runners.model.ReflectiveCallable.run(ReflectiveCallable.java:15)
	at org.junit.runners.model.FrameworkMethod.invokeExplosively(FrameworkMethod.java:41)
	at org.junit.internal.runners.statements.InvokeMethod.evaluate(InvokeMethod.java:20)
	at org.junit.rules.ExpectedException$ExpectedExceptionStatement.evaluate(ExpectedException.java:110)
	at org.junit.runners.BlockJUnit4ClassRunner.runChild(BlockJUnit4ClassRunner.java:76)
	at org.junit.runners.BlockJUnit4ClassRunner.runChild(BlockJUnit4ClassRunner.java:50)
	at org.junit.runners.ParentRunner$3.run(ParentRunner.java:193)
	at org.junit.runners.ParentRunner$1.schedule(ParentRunner.java:52)
	at org.junit.runners.ParentRunner.runChildren(ParentRunner.java:191)
	at org.junit.runners.ParentRunner.access$000(ParentRunner.java:42)
	at org.junit.runners.ParentRunner$2.evaluate(ParentRunner.java:184)
	at org.junit.runners.ParentRunner.run(ParentRunner.java:236)
	at org.apache.maven.surefire.junit4.JUnit4TestSet.execute(JUnit4TestSet.java:53)
	at org.apache.maven.surefire.junit4.JUnit4Provider.executeTestSet(JUnit4Provider.java:123)
	at org.apache.maven.surefire.junit4.JUnit4Provider.invoke(JUnit4Provider.java:104)
	at sun.reflect.NativeMethodAccessorImpl.invoke0(Native Method)
	at sun.reflect.NativeMethodAccessorImpl.invoke(NativeMethodAccessorImpl.java:57)
	at sun.reflect.DelegatingMethodAccessorImpl.invoke(DelegatingMethodAccessorImpl.java:43)
	at java.lang.reflect.Method.invoke(Method.java:606)
	at org.apache.maven.surefire.util.ReflectionUtils.invokeMethodWithArray(ReflectionUtils.java:164)
	at org.apache.maven.surefire.booter.ProviderFactory$ProviderProxy.invoke(ProviderFactory.java:110)
	at org.apache.maven.surefire.booter.SurefireStarter.invokeProvider(SurefireStarter.java:175)
	at org.apache.maven.surefire.booter.SurefireStarter.runSuitesInProcessWhenForked(SurefireStarter.java:107)
	at org.apache.maven.surefire.booter.ForkedBooter.main(ForkedBooter.java:68)
</error>
  </testcase>
  <testcase time="0.001" classname="br.inf.ufg.fabrica.mr.ImplementacaoMRTest" name="testAdicionaHierObjectId">
    <error message="O objeto não existe!" type="java.lang.IllegalArgumentException">java.lang.IllegalArgumentException: O objeto não existe!
	at br.inf.ufg.fabrica.mr.ImplementacaoMR.obtemTexto(ImplementacaoMR.java:1695)
	at br.inf.ufg.fabrica.mr.ImplementacaoMRTest.testAdicionaHierObjectId(ImplementacaoMRTest.java:407)
	at sun.reflect.NativeMethodAccessorImpl.invoke0(Native Method)
	at sun.reflect.NativeMethodAccessorImpl.invoke(NativeMethodAccessorImpl.java:57)
	at sun.reflect.DelegatingMethodAccessorImpl.invoke(DelegatingMethodAccessorImpl.java:43)
	at java.lang.reflect.Method.invoke(Method.java:606)
	at org.junit.runners.model.FrameworkMethod$1.runReflectiveCall(FrameworkMethod.java:44)
	at org.junit.internal.runners.model.ReflectiveCallable.run(ReflectiveCallable.java:15)
	at org.junit.runners.model.FrameworkMethod.invokeExplosively(FrameworkMethod.java:41)
	at org.junit.internal.runners.statements.InvokeMethod.evaluate(InvokeMethod.java:20)
	at org.junit.rules.ExpectedException$ExpectedExceptionStatement.evaluate(ExpectedException.java:110)
	at org.junit.runners.BlockJUnit4ClassRunner.runChild(BlockJUnit4ClassRunner.java:76)
	at org.junit.runners.BlockJUnit4ClassRunner.runChild(BlockJUnit4ClassRunner.java:50)
	at org.junit.runners.ParentRunner$3.run(ParentRunner.java:193)
	at org.junit.runners.ParentRunner$1.schedule(ParentRunner.java:52)
	at org.junit.runners.ParentRunner.runChildren(ParentRunner.java:191)
	at org.junit.runners.ParentRunner.access$000(ParentRunner.java:42)
	at org.junit.runners.ParentRunner$2.evaluate(ParentRunner.java:184)
	at org.junit.runners.ParentRunner.run(ParentRunner.java:236)
	at org.apache.maven.surefire.junit4.JUnit4TestSet.execute(JUnit4TestSet.java:53)
	at org.apache.maven.surefire.junit4.JUnit4Provider.executeTestSet(JUnit4Provider.java:123)
	at org.apache.maven.surefire.junit4.JUnit4Provider.invoke(JUnit4Provider.java:104)
	at sun.reflect.NativeMethodAccessorImpl.invoke0(Native Method)
	at sun.reflect.NativeMethodAccessorImpl.invoke(NativeMethodAccessorImpl.java:57)
	at sun.reflect.DelegatingMethodAccessorImpl.invoke(DelegatingMethodAccessorImpl.java:43)
	at java.lang.reflect.Method.invoke(Method.java:606)
	at org.apache.maven.surefire.util.ReflectionUtils.invokeMethodWithArray(ReflectionUtils.java:164)
	at org.apache.maven.surefire.booter.ProviderFactory$ProviderProxy.invoke(ProviderFactory.java:110)
	at org.apache.maven.surefire.booter.SurefireStarter.invokeProvider(SurefireStarter.java:175)
	at org.apache.maven.surefire.booter.SurefireStarter.runSuitesInProcessWhenForked(SurefireStarter.java:107)
	at org.apache.maven.surefire.booter.ForkedBooter.main(ForkedBooter.java:68)
</error>
  </testcase>
  <testcase time="0" classname="br.inf.ufg.fabrica.mr.ImplementacaoMRTest" name="testAdicionaArchetyped"/>
  <testcase time="0.001" classname="br.inf.ufg.fabrica.mr.ImplementacaoMRTest" name="testAdicionaInternetId">
    <error message="O objeto não existe!" type="java.lang.IllegalArgumentException">java.lang.IllegalArgumentException: O objeto não existe!
	at br.inf.ufg.fabrica.mr.ImplementacaoMR.obtemTexto(ImplementacaoMR.java:1695)
	at br.inf.ufg.fabrica.mr.ImplementacaoMRTest.testAdicionaInternetId(ImplementacaoMRTest.java:394)
	at sun.reflect.NativeMethodAccessorImpl.invoke0(Native Method)
	at sun.reflect.NativeMethodAccessorImpl.invoke(NativeMethodAccessorImpl.java:57)
	at sun.reflect.DelegatingMethodAccessorImpl.invoke(DelegatingMethodAccessorImpl.java:43)
	at java.lang.reflect.Method.invoke(Method.java:606)
	at org.junit.runners.model.FrameworkMethod$1.runReflectiveCall(FrameworkMethod.java:44)
	at org.junit.internal.runners.model.ReflectiveCallable.run(ReflectiveCallable.java:15)
	at org.junit.runners.model.FrameworkMethod.invokeExplosively(FrameworkMethod.java:41)
	at org.junit.internal.runners.statements.InvokeMethod.evaluate(InvokeMethod.java:20)
	at org.junit.rules.ExpectedException$ExpectedExceptionStatement.evaluate(ExpectedException.java:110)
	at org.junit.runners.BlockJUnit4ClassRunner.runChild(BlockJUnit4ClassRunner.java:76)
	at org.junit.runners.BlockJUnit4ClassRunner.runChild(BlockJUnit4ClassRunner.java:50)
	at org.junit.runners.ParentRunner$3.run(ParentRunner.java:193)
	at org.junit.runners.ParentRunner$1.schedule(ParentRunner.java:52)
	at org.junit.runners.ParentRunner.runChildren(ParentRunner.java:191)
	at org.junit.runners.ParentRunner.access$000(ParentRunner.java:42)
	at org.junit.runners.ParentRunner$2.evaluate(ParentRunner.java:184)
	at org.junit.runners.ParentRunner.run(ParentRunner.java:236)
	at org.apache.maven.surefire.junit4.JUnit4TestSet.execute(JUnit4TestSet.java:53)
	at org.apache.maven.surefire.junit4.JUnit4Provider.executeTestSet(JUnit4Provider.java:123)
	at org.apache.maven.surefire.junit4.JUnit4Provider.invoke(JUnit4Provider.java:104)
	at sun.reflect.NativeMethodAccessorImpl.invoke0(Native Method)
	at sun.reflect.NativeMethodAccessorImpl.invoke(NativeMethodAccessorImpl.java:57)
	at sun.reflect.DelegatingMethodAccessorImpl.invoke(DelegatingMethodAccessorImpl.java:43)
	at java.lang.reflect.Method.invoke(Method.java:606)
	at org.apache.maven.surefire.util.ReflectionUtils.invokeMethodWithArray(ReflectionUtils.java:164)
	at org.apache.maven.surefire.booter.ProviderFactory$ProviderProxy.invoke(ProviderFactory.java:110)
	at org.apache.maven.surefire.booter.SurefireStarter.invokeProvider(SurefireStarter.java:175)
	at org.apache.maven.surefire.booter.SurefireStarter.runSuitesInProcessWhenForked(SurefireStarter.java:107)
	at org.apache.maven.surefire.booter.ForkedBooter.main(ForkedBooter.java:68)
</error>
  </testcase>
  <testcase time="0" classname="br.inf.ufg.fabrica.mr.ImplementacaoMRTest" name="testAdicionaVersionedComposition"/>
  <testcase time="0" classname="br.inf.ufg.fabrica.mr.ImplementacaoMRTest" name="testObtemValorLogicoDvBooleanThrows1"/>
  <testcase time="0.001" classname="br.inf.ufg.fabrica.mr.ImplementacaoMRTest" name="testObtemTextoOpenEhrTerminologyGroupThrows1"/>
  <testcase time="0" classname="br.inf.ufg.fabrica.mr.ImplementacaoMRTest" name="testObtemValorLogicoDvBooleanThrows2"/>
  <testcase time="0.001" classname="br.inf.ufg.fabrica.mr.ImplementacaoMRTest" name="testObtemTextoBasicDefinitionsThrows1"/>
  <testcase time="0" classname="br.inf.ufg.fabrica.mr.ImplementacaoMRTest" name="testObtemTextoBasicDefinitionsThrows2"/>
  <testcase time="0.002" classname="br.inf.ufg.fabrica.mr.ImplementacaoMRTest" name="testObtemTextoOpenEhrDefinitionsThrows1">
    <failure message="
Expected: (exception with message a string containing &quot;O campo não existe!&quot; and an instance of java.lang.IllegalArgumentException)
     got: &lt;java.lang.IllegalArgumentException: O campo não é do tipo texto!&gt;
" type="java.lang.AssertionError">java.lang.AssertionError: 
Expected: (exception with message a string containing &quot;O campo não existe!&quot; and an instance of java.lang.IllegalArgumentException)
     got: &lt;java.lang.IllegalArgumentException: O campo não é do tipo texto!&gt;

	at org.junit.Assert.assertThat(Assert.java:778)
	at org.junit.Assert.assertThat(Assert.java:736)
	at org.junit.rules.ExpectedException$ExpectedExceptionStatement.evaluate(ExpectedException.java:114)
	at org.junit.runners.BlockJUnit4ClassRunner.runChild(BlockJUnit4ClassRunner.java:76)
	at org.junit.runners.BlockJUnit4ClassRunner.runChild(BlockJUnit4ClassRunner.java:50)
	at org.junit.runners.ParentRunner$3.run(ParentRunner.java:193)
	at org.junit.runners.ParentRunner$1.schedule(ParentRunner.java:52)
	at org.junit.runners.ParentRunner.runChildren(ParentRunner.java:191)
	at org.junit.runners.ParentRunner.access$000(ParentRunner.java:42)
	at org.junit.runners.ParentRunner$2.evaluate(ParentRunner.java:184)
	at org.junit.runners.ParentRunner.run(ParentRunner.java:236)
	at org.apache.maven.surefire.junit4.JUnit4TestSet.execute(JUnit4TestSet.java:53)
	at org.apache.maven.surefire.junit4.JUnit4Provider.executeTestSet(JUnit4Provider.java:123)
	at org.apache.maven.surefire.junit4.JUnit4Provider.invoke(JUnit4Provider.java:104)
	at sun.reflect.NativeMethodAccessorImpl.invoke0(Native Method)
	at sun.reflect.NativeMethodAccessorImpl.invoke(NativeMethodAccessorImpl.java:57)
	at sun.reflect.DelegatingMethodAccessorImpl.invoke(DelegatingMethodAccessorImpl.java:43)
	at java.lang.reflect.Method.invoke(Method.java:606)
	at org.apache.maven.surefire.util.ReflectionUtils.invokeMethodWithArray(ReflectionUtils.java:164)
	at org.apache.maven.surefire.booter.ProviderFactory$ProviderProxy.invoke(ProviderFactory.java:110)
	at org.apache.maven.surefire.booter.SurefireStarter.invokeProvider(SurefireStarter.java:175)
	at org.apache.maven.surefire.booter.SurefireStarter.runSuitesInProcessWhenForked(SurefireStarter.java:107)
	at org.apache.maven.surefire.booter.ForkedBooter.main(ForkedBooter.java:68)
</failure>
  </testcase>
  <testcase time="0" classname="br.inf.ufg.fabrica.mr.ImplementacaoMRTest" name="testObtemTextoOpenEhrDefinitionsThrows2"/>
  <testcase time="0.001" classname="br.inf.ufg.fabrica.mr.ImplementacaoMRTest" name="testAdicionaOpenEhrCodeSetIdentifiers"/>
  <testcase time="0.007" classname="br.inf.ufg.fabrica.mr.ImplementacaoMRTest" name="testObtemTextoVersionedEhrAccessThrows1"/>
  <testcase time="0.001" classname="br.inf.ufg.fabrica.mr.ImplementacaoMRTest" name="testObtemInteiroVersionedEhrAccessThrows2"/>
  <testcase time="0.002" classname="br.inf.ufg.fabrica.mr.ImplementacaoMRTest" name="testObtemTextoDvIdentifierThrows2"/>
  <testcase time="0" classname="br.inf.ufg.fabrica.mr.ImplementacaoMRTest" name="testObtemValorLogicoDvUriThrows1"/>
  <testcase time="0" classname="br.inf.ufg.fabrica.mr.ImplementacaoMRTest" name="testAdicionaFeederAuditDetails"/>
  <testcase time="0.001" classname="br.inf.ufg.fabrica.mr.ImplementacaoMRTest" name="testObtemTextoDvIdentifierThrows1"/>
  <testcase time="0.001" classname="br.inf.ufg.fabrica.mr.ImplementacaoMRTest" name="testObtemTextoOpenEhrTerminologyGroupThrows2"/>
  <testcase time="0" classname="br.inf.ufg.fabrica.mr.ImplementacaoMRTest" name="testObtemTextoTerminologyServicesThrows2"/>
  <testcase time="0.002" classname="br.inf.ufg.fabrica.mr.ImplementacaoMRTest" name="testObtemTextoVersionedEhrAccessThrows2"/>
  <testcase time="0.001" classname="br.inf.ufg.fabrica.mr.ImplementacaoMRTest" name="testObtemTextoTerminologyServicesThrows1"/>
  <testcase time="0.003" classname="br.inf.ufg.fabrica.mr.ImplementacaoMRTest" name="testObtemInteiroVersionedEhrAccessThrows1"/>
  <testcase time="0.001" classname="br.inf.ufg.fabrica.mr.ImplementacaoMRTest" name="testObtemTextoVersionedEhrStatusThrows1"/>
  <testcase time="0.001" classname="br.inf.ufg.fabrica.mr.ImplementacaoMRTest" name="testObtemTextoVersionedEhrStatusThrows2"/>
  <testcase time="0" classname="br.inf.ufg.fabrica.mr.ImplementacaoMRTest" name="testObtemInteiroVersionedEhrStatusThrows1"/>
  <testcase time="0.001" classname="br.inf.ufg.fabrica.mr.ImplementacaoMRTest" name="testObtemInteiroVersionedEhrStatusThrows2"/>
  <testcase time="0.001" classname="br.inf.ufg.fabrica.mr.ImplementacaoMRTest" name="testAdicionaOpenEhrTerminologyGroup"/>
  <testcase time="0.004" classname="br.inf.ufg.fabrica.mr.ImplementacaoMRTest" name="testAdicionaVersionedEhrAccess"/>
  <testcase time="0" classname="br.inf.ufg.fabrica.mr.ImplementacaoMRTest" name="testAdicionaInstructionDetails"/>
  <testcase time="0" classname="br.inf.ufg.fabrica.mr.ImplementacaoMRTest" name="testAdicionaTerminologyService"/>
  <testcase time="0" classname="br.inf.ufg.fabrica.mr.ImplementacaoMRTest" name="testAdicionaVersionedEhrStatus"/>
  <testcase time="0.001" classname="br.inf.ufg.fabrica.mr.ImplementacaoMRTest" name="testObtemValorLogicoDvEhrUriThrows1"/>
</testsuite>